<?xml version="1.0" encoding="UTF-8"?>
<!-- Generated by org.testng.reporters.JUnitReportReporter -->
<testsuite hostname="LAPTOP-K2PEJEQT" failures="0" tests="1" name="Academy.StudentUser" time="270.772" errors="0" timestamp="22 Oct 2021 05:35:50 GMT">
  <testcase classname="Academy.StudentUser" name="StudentPage" time="270.772"/>
</testsuite> <!-- Academy.StudentUser -->
