<?xml version="1.0" encoding="UTF-8"?>
<!-- Generated by org.testng.reporters.JUnitReportReporter -->
<testsuite hostname="LAPTOP-K2PEJEQT" failures="0" tests="4" name="Academy.AdminHomePage" time="149.073" errors="0" timestamp="21 Oct 2021 10:30:15 GMT">
  <testcase classname="Academy.AdminHomePage" name="createCourse" time="61.301"/>
  <testcase classname="Academy.AdminHomePage" name="downloadReport" time="29.790"/>
  <testcase classname="Academy.AdminHomePage" name="addingUser" time="29.525"/>
  <testcase classname="Academy.AdminHomePage" name="deleteUser" time="28.457"/>
</testsuite> <!-- Academy.AdminHomePage -->
