<?xml version="1.0" encoding="UTF-8"?>
<!-- Generated by org.testng.reporters.JUnitReportReporter -->
<testsuite hostname="LAPTOP-K2PEJEQT" failures="0" tests="4" name="Academy.AdminHomePage" time="171.170" errors="0" timestamp="19 Oct 2021 17:38:15 GMT">
  <testcase classname="Academy.AdminHomePage" name="deleteUser" time="31.820"/>
  <testcase classname="Academy.AdminHomePage" name="addingUser" time="34.860"/>
  <testcase classname="Academy.AdminHomePage" name="createCourse" time="73.366"/>
  <testcase classname="Academy.AdminHomePage" name="downloadReport" time="31.124"/>
</testsuite> <!-- Academy.AdminHomePage -->
