<?xml version="1.0" encoding="UTF-8"?>
<!-- Generated by org.testng.reporters.JUnitReportReporter -->
<testsuite hostname="LAPTOP-K2PEJEQT" failures="0" tests="7" name="Academy.StudentHomePage" time="275.541" errors="0" timestamp="21 Oct 2021 10:03:21 GMT">
  <testcase classname="Academy.StudentHomePage" name="UserProfile" time="44.591"/>
  <testcase classname="Academy.StudentHomePage" name="validStudentuserlogin" time="36.607"/>
  <testcase classname="Academy.StudentHomePage" name="CourseCertificate" time="46.842"/>
  <testcase classname="Academy.StudentHomePage" name="badge_survey" time="48.086"/>
  <testcase classname="Academy.StudentHomePage" name="invalidLogin" time="11.928"/>
  <testcase classname="Academy.StudentHomePage" name="CourseEnroll" time="39.942"/>
  <testcase classname="Academy.StudentHomePage" name="StudentQuiz" time="47.545"/>
</testsuite> <!-- Academy.StudentHomePage -->
