<?xml version="1.0" encoding="UTF-8"?>
<!-- Generated by org.testng.reporters.JUnitReportReporter -->
<testsuite hostname="LAPTOP-K2PEJEQT" failures="0" tests="1" name="Academy.StudentUser" time="365.466" errors="0" timestamp="21 Oct 2021 11:35:24 GMT">
  <testcase classname="Academy.StudentUser" name="StudentPage" time="365.466"/>
</testsuite> <!-- Academy.StudentUser -->
